2025-04-22 18:18:58 [ERROR]: TypeError: agent_1.Admin is not a constructor
    at Object.<anonymous> (C:\Users\jarvis\Documents\Github\HSF-Backend-New\src\presentation\routes\admin\admin.routes.ts:15:17)
    at Module._compile (node:internal/modules/cjs/loader:1469:14)
    at Module._compile (C:\Users\jarvis\Documents\Github\HSF-Backend-New\node_modules\source-map-support\source-map-support.js:568:25)
    at Module.m._compile (C:\Users\jarvis\AppData\Local\Temp\ts-node-dev-hook-23693219885742978.js:69:33)
    at Module._extensions..js (node:internal/modules/cjs/loader:1548:10)
    at require.extensions..jsx.require.extensions..js (C:\Users\jarvis\AppData\Local\Temp\ts-node-dev-hook-23693219885742978.js:114:20)
    at require.extensions.<computed> (C:\Users\jarvis\AppData\Local\Temp\ts-node-dev-hook-23693219885742978.js:71:20)
    at Object.nodeDevHook [as .ts] (C:\Users\jarvis\Documents\Github\HSF-Backend-New\node_modules\ts-node-dev\lib\hook.js:63:13)
    at Module.load (node:internal/modules/cjs/loader:1288:32)
    at Function.Module._load (node:internal/modules/cjs/loader:1104:12)
2025-04-22 18:19:02 [ERROR]: TypeError: agent_1.Admin is not a constructor
    at Object.<anonymous> (C:\Users\jarvis\Documents\Github\HSF-Backend-New\src\presentation\routes\admin\admin.routes.ts:15:17)
    at Module._compile (node:internal/modules/cjs/loader:1469:14)
    at Module._compile (C:\Users\jarvis\Documents\Github\HSF-Backend-New\node_modules\source-map-support\source-map-support.js:568:25)
    at Module.m._compile (C:\Users\jarvis\AppData\Local\Temp\ts-node-dev-hook-23693219885742978.js:69:33)
    at Module._extensions..js (node:internal/modules/cjs/loader:1548:10)
    at require.extensions..jsx.require.extensions..js (C:\Users\jarvis\AppData\Local\Temp\ts-node-dev-hook-23693219885742978.js:114:20)
    at require.extensions.<computed> (C:\Users\jarvis\AppData\Local\Temp\ts-node-dev-hook-23693219885742978.js:71:20)
    at Object.nodeDevHook [as .ts] (C:\Users\jarvis\Documents\Github\HSF-Backend-New\node_modules\ts-node-dev\lib\hook.js:63:13)
    at Module.load (node:internal/modules/cjs/loader:1288:32)
    at Function.Module._load (node:internal/modules/cjs/loader:1104:12)
