2025-04-22 18:52:05 [ERROR]: Error: Cannot find module 'C:\Users\jarvis\Documents\Github\HSF-Backend-New\src\workers\worker.js'
    at Function.<anonymous> (node:internal/modules/cjs/loader:1225:15)
    at Function.Module._resolveFilename (C:\Users\jarvis\Documents\Github\HSF-Backend-New\node_modules\tsconfig-paths\src\register.ts:115:36)
    at Function._load (node:internal/modules/cjs/loader:1051:27)
    at Function.executeUserEntryPoint [as runMain] (node:internal/modules/run_main:173:12)
    at MessagePort.<anonymous> (node:internal/main/worker_thread:188:26)
    at MessagePort.[nodejs.internal.kHybridDispatch] (node:internal/event_target:831:20)
    at MessagePort.<anonymous> (node:internal/per_context/messageport:23:28)
2025-04-22 19:45:31 [ERROR]: Error: Cannot find module 'C:\Users\jarvis\Documents\Github\HSF-Backend-New\src\workers\worker.js'
    at Function.<anonymous> (node:internal/modules/cjs/loader:1225:15)
    at Function.Module._resolveFilename (C:\Users\jarvis\Documents\Github\HSF-Backend-New\node_modules\tsconfig-paths\src\register.ts:115:36)
    at Function._load (node:internal/modules/cjs/loader:1051:27)
    at Function.executeUserEntryPoint [as runMain] (node:internal/modules/run_main:173:12)
    at MessagePort.<anonymous> (node:internal/main/worker_thread:188:26)
    at MessagePort.[nodejs.internal.kHybridDispatch] (node:internal/event_target:831:20)
    at MessagePort.<anonymous> (node:internal/per_context/messageport:23:28)
2025-04-22 19:51:31 [ERROR]: Error: Cannot find module 'C:\Users\jarvis\Documents\Github\HSF-Backend-New\src\workers\worker.js'
    at Function.<anonymous> (node:internal/modules/cjs/loader:1225:15)
    at Function.Module._resolveFilename (C:\Users\jarvis\Documents\Github\HSF-Backend-New\node_modules\tsconfig-paths\src\register.ts:115:36)
    at Function._load (node:internal/modules/cjs/loader:1051:27)
    at Function.executeUserEntryPoint [as runMain] (node:internal/modules/run_main:173:12)
    at MessagePort.<anonymous> (node:internal/main/worker_thread:188:26)
    at MessagePort.[nodejs.internal.kHybridDispatch] (node:internal/event_target:831:20)
    at MessagePort.<anonymous> (node:internal/per_context/messageport:23:28)
2025-04-22 19:54:38 [ERROR]: Error: Cannot find module 'C:\Users\jarvis\Documents\Github\HSF-Backend-New\src\workers\worker.js'
    at Function.<anonymous> (node:internal/modules/cjs/loader:1225:15)
    at Function.Module._resolveFilename (C:\Users\jarvis\Documents\Github\HSF-Backend-New\node_modules\tsconfig-paths\src\register.ts:115:36)
    at Function._load (node:internal/modules/cjs/loader:1051:27)
    at Function.executeUserEntryPoint [as runMain] (node:internal/modules/run_main:173:12)
    at MessagePort.<anonymous> (node:internal/main/worker_thread:188:26)
    at MessagePort.[nodejs.internal.kHybridDispatch] (node:internal/event_target:831:20)
    at MessagePort.<anonymous> (node:internal/per_context/messageport:23:28)
2025-04-22 20:00:30 [ERROR]: Error: Cannot find module 'C:\Users\jarvis\Documents\Github\HSF-Backend-New\src\workers\worker.js'
    at Function.<anonymous> (node:internal/modules/cjs/loader:1225:15)
    at Function.Module._resolveFilename (C:\Users\jarvis\Documents\Github\HSF-Backend-New\node_modules\tsconfig-paths\src\register.ts:115:36)
    at Function._load (node:internal/modules/cjs/loader:1051:27)
    at Function.executeUserEntryPoint [as runMain] (node:internal/modules/run_main:173:12)
    at MessagePort.<anonymous> (node:internal/main/worker_thread:188:26)
    at MessagePort.[nodejs.internal.kHybridDispatch] (node:internal/event_target:831:20)
    at MessagePort.<anonymous> (node:internal/per_context/messageport:23:28)
2025-04-24 13:18:37 [ERROR]: Error: Cannot find module '/home/buildthings/Documents/projects/actives/HSF-Backend-New/src/workers/worker.js'
    at Function.<anonymous> (node:internal/modules/cjs/loader:1225:15)
    at Function.Module._resolveFilename (/home/buildthings/Documents/projects/actives/HSF-Backend-New/node_modules/tsconfig-paths/src/register.ts:115:36)
    at Function._load (node:internal/modules/cjs/loader:1055:27)
    at TracingChannel.traceSync (node:diagnostics_channel:322:14)
    at wrapModuleLoad (node:internal/modules/cjs/loader:220:24)
    at Function.executeUserEntryPoint [as runMain] (node:internal/modules/run_main:170:5)
    at MessagePort.<anonymous> (node:internal/main/worker_thread:212:26)
    at MessagePort.[nodejs.internal.kHybridDispatch] (node:internal/event_target:827:20)
    at MessagePort.<anonymous> (node:internal/per_context/messageport:23:28)
2025-04-24 13:33:10 [ERROR]: Error: Cannot find module '/home/buildthings/Documents/projects/actives/HSF-Backend-New/src/workers/worker.js'
    at Function.<anonymous> (node:internal/modules/cjs/loader:1225:15)
    at Function.Module._resolveFilename (/home/buildthings/Documents/projects/actives/HSF-Backend-New/node_modules/tsconfig-paths/src/register.ts:115:36)
    at Function._load (node:internal/modules/cjs/loader:1055:27)
    at TracingChannel.traceSync (node:diagnostics_channel:322:14)
    at wrapModuleLoad (node:internal/modules/cjs/loader:220:24)
    at Function.executeUserEntryPoint [as runMain] (node:internal/modules/run_main:170:5)
    at MessagePort.<anonymous> (node:internal/main/worker_thread:212:26)
    at MessagePort.[nodejs.internal.kHybridDispatch] (node:internal/event_target:827:20)
    at MessagePort.<anonymous> (node:internal/per_context/messageport:23:28)
2025-04-24 16:26:41 [ERROR]: Error: Cannot find module '/home/buildthings/Documents/projects/actives/HSF-Backend-New/src/workers/worker.js'
    at Function.<anonymous> (node:internal/modules/cjs/loader:1225:15)
    at Function.Module._resolveFilename (/home/buildthings/Documents/projects/actives/HSF-Backend-New/node_modules/tsconfig-paths/src/register.ts:115:36)
    at Function._load (node:internal/modules/cjs/loader:1055:27)
    at TracingChannel.traceSync (node:diagnostics_channel:322:14)
    at wrapModuleLoad (node:internal/modules/cjs/loader:220:24)
    at Function.executeUserEntryPoint [as runMain] (node:internal/modules/run_main:170:5)
    at MessagePort.<anonymous> (node:internal/main/worker_thread:212:26)
    at MessagePort.[nodejs.internal.kHybridDispatch] (node:internal/event_target:827:20)
    at MessagePort.<anonymous> (node:internal/per_context/messageport:23:28)
2025-04-24 16:59:57 [ERROR]: Error: Cannot find module '/home/buildthings/Documents/projects/actives/HSF-Backend-New/src/workers/worker.js'
    at Function.<anonymous> (node:internal/modules/cjs/loader:1225:15)
    at Function.Module._resolveFilename (/home/buildthings/Documents/projects/actives/HSF-Backend-New/node_modules/tsconfig-paths/src/register.ts:115:36)
    at Function._load (node:internal/modules/cjs/loader:1055:27)
    at TracingChannel.traceSync (node:diagnostics_channel:322:14)
    at wrapModuleLoad (node:internal/modules/cjs/loader:220:24)
    at Function.executeUserEntryPoint [as runMain] (node:internal/modules/run_main:170:5)
    at MessagePort.<anonymous> (node:internal/main/worker_thread:212:26)
    at MessagePort.[nodejs.internal.kHybridDispatch] (node:internal/event_target:827:20)
    at MessagePort.<anonymous> (node:internal/per_context/messageport:23:28)
2025-04-24 17:00:15 [ERROR]: Error: Cannot find module '/home/buildthings/Documents/projects/actives/HSF-Backend-New/src/workers/worker.js'
    at Function.<anonymous> (node:internal/modules/cjs/loader:1225:15)
    at Function.Module._resolveFilename (/home/buildthings/Documents/projects/actives/HSF-Backend-New/node_modules/tsconfig-paths/src/register.ts:115:36)
    at Function._load (node:internal/modules/cjs/loader:1055:27)
    at TracingChannel.traceSync (node:diagnostics_channel:322:14)
    at wrapModuleLoad (node:internal/modules/cjs/loader:220:24)
    at Function.executeUserEntryPoint [as runMain] (node:internal/modules/run_main:170:5)
    at MessagePort.<anonymous> (node:internal/main/worker_thread:212:26)
    at MessagePort.[nodejs.internal.kHybridDispatch] (node:internal/event_target:827:20)
    at MessagePort.<anonymous> (node:internal/per_context/messageport:23:28)
2025-04-25 06:25:56 [ERROR]: Error: Cannot set headers after they are sent to the client
    at ServerResponse.setHeader (node:_http_outgoing:699:11)
    at ServerResponse.header (/home/buildthings/Documents/projects/actives/HSF-Backend-New/node_modules/express/lib/response.js:794:10)
    at ServerResponse.send (/home/buildthings/Documents/projects/actives/HSF-Backend-New/node_modules/express/lib/response.js:174:12)
    at ServerResponse.json (/home/buildthings/Documents/projects/actives/HSF-Backend-New/node_modules/express/lib/response.js:278:15)
    at /home/buildthings/Documents/projects/actives/HSF-Backend-New/src/presentation/routes/authRoutes/oauth.routes.ts:151:35
    at processTicksAndRejections (node:internal/process/task_queues:105:5)
2025-04-25 06:26:47 [ERROR]: Error: Cannot set headers after they are sent to the client
    at ServerResponse.setHeader (node:_http_outgoing:699:11)
    at ServerResponse.header (/home/buildthings/Documents/projects/actives/HSF-Backend-New/node_modules/express/lib/response.js:794:10)
    at ServerResponse.send (/home/buildthings/Documents/projects/actives/HSF-Backend-New/node_modules/express/lib/response.js:174:12)
    at ServerResponse.json (/home/buildthings/Documents/projects/actives/HSF-Backend-New/node_modules/express/lib/response.js:278:15)
    at /home/buildthings/Documents/projects/actives/HSF-Backend-New/src/presentation/routes/authRoutes/oauth.routes.ts:151:35
    at processTicksAndRejections (node:internal/process/task_queues:105:5)
2025-04-25 06:29:47 [ERROR]: Error: Cannot set headers after they are sent to the client
    at ServerResponse.setHeader (node:_http_outgoing:699:11)
    at ServerResponse.header (/home/buildthings/Documents/projects/actives/HSF-Backend-New/node_modules/express/lib/response.js:794:10)
    at ServerResponse.send (/home/buildthings/Documents/projects/actives/HSF-Backend-New/node_modules/express/lib/response.js:174:12)
    at ServerResponse.json (/home/buildthings/Documents/projects/actives/HSF-Backend-New/node_modules/express/lib/response.js:278:15)
    at /home/buildthings/Documents/projects/actives/HSF-Backend-New/src/presentation/routes/authRoutes/oauth.routes.ts:152:35
    at processTicksAndRejections (node:internal/process/task_queues:105:5)
2025-04-25 06:50:38 [ERROR]: Error: Cannot set headers after they are sent to the client
    at ServerResponse.setHeader (node:_http_outgoing:699:11)
    at ServerResponse.header (/home/buildthings/Documents/projects/actives/HSF-Backend-New/node_modules/express/lib/response.js:794:10)
    at ServerResponse.send (/home/buildthings/Documents/projects/actives/HSF-Backend-New/node_modules/express/lib/response.js:174:12)
    at ServerResponse.json (/home/buildthings/Documents/projects/actives/HSF-Backend-New/node_modules/express/lib/response.js:278:15)
    at /home/buildthings/Documents/projects/actives/HSF-Backend-New/src/presentation/routes/authRoutes/oauth.routes.ts:155:37
    at processTicksAndRejections (node:internal/process/task_queues:105:5)
2025-04-26 13:35:08 [ERROR]: Error: Worker is already running.
    at Worker.run (/home/buildthings/Documents/projects/actives/HSF-Backend-New/node_modules/bullmq/src/classes/worker.ts:435:13)
    at Object.<anonymous> (/home/buildthings/Documents/projects/actives/HSF-Backend-New/src/server/app.ts:54:18)
    at Module.<anonymous> (node:internal/modules/cjs/loader:1554:14)
    at Module._compile (/home/buildthings/Documents/projects/actives/HSF-Backend-New/node_modules/source-map-support/source-map-support.js:568:25)
    at Module.m._compile (/tmp/ts-node-dev-hook-5389927828948713.js:69:33)
    at node:internal/modules/cjs/loader:1706:10
    at require.extensions..jsx.require.extensions..js (/tmp/ts-node-dev-hook-5389927828948713.js:114:20)
    at require.extensions.<computed> (/tmp/ts-node-dev-hook-5389927828948713.js:71:20)
    at Object.nodeDevHook [as .ts] (/home/buildthings/Documents/projects/actives/HSF-Backend-New/node_modules/ts-node-dev/lib/hook.js:63:13)
    at Module.load (node:internal/modules/cjs/loader:1289:32)
2025-04-26 13:35:26 [ERROR]: Error: Worker is already running.
    at Worker.run (/home/buildthings/Documents/projects/actives/HSF-Backend-New/node_modules/bullmq/src/classes/worker.ts:435:13)
    at Object.<anonymous> (/home/buildthings/Documents/projects/actives/HSF-Backend-New/src/server/app.ts:54:18)
    at Module.<anonymous> (node:internal/modules/cjs/loader:1554:14)
    at Module._compile (/home/buildthings/Documents/projects/actives/HSF-Backend-New/node_modules/source-map-support/source-map-support.js:568:25)
    at Module.m._compile (/tmp/ts-node-dev-hook-4457408779768026.js:69:33)
    at node:internal/modules/cjs/loader:1706:10
    at require.extensions..jsx.require.extensions..js (/tmp/ts-node-dev-hook-4457408779768026.js:114:20)
    at require.extensions.<computed> (/tmp/ts-node-dev-hook-4457408779768026.js:71:20)
    at Object.nodeDevHook [as .ts] (/home/buildthings/Documents/projects/actives/HSF-Backend-New/node_modules/ts-node-dev/lib/hook.js:63:13)
    at Module.load (node:internal/modules/cjs/loader:1289:32)
2025-04-26 13:35:42 [ERROR]: Error: Worker is already running.
    at Worker.run (/home/buildthings/Documents/projects/actives/HSF-Backend-New/node_modules/bullmq/src/classes/worker.ts:435:13)
    at Object.<anonymous> (/home/buildthings/Documents/projects/actives/HSF-Backend-New/src/server/app.ts:54:18)
    at Module.<anonymous> (node:internal/modules/cjs/loader:1554:14)
    at Module._compile (/home/buildthings/Documents/projects/actives/HSF-Backend-New/node_modules/source-map-support/source-map-support.js:568:25)
    at Module.m._compile (/tmp/ts-node-dev-hook-4457408779768026.js:69:33)
    at node:internal/modules/cjs/loader:1706:10
    at require.extensions..jsx.require.extensions..js (/tmp/ts-node-dev-hook-4457408779768026.js:114:20)
    at require.extensions.<computed> (/tmp/ts-node-dev-hook-4457408779768026.js:71:20)
    at Object.nodeDevHook [as .ts] (/home/buildthings/Documents/projects/actives/HSF-Backend-New/node_modules/ts-node-dev/lib/hook.js:63:13)
    at Module.load (node:internal/modules/cjs/loader:1289:32)
